-------------------------------------------------------------------------------
Test set: TestSuite
-------------------------------------------------------------------------------
Tests run: 2, Failures: 1, Errors: 0, Skipped: 0, Time elapsed: 1.226 sec <<< FAILURE! - in TestSuite
dum_to_fail(mavpr.mav)  Time elapsed: 0.032 sec  <<< FAILURE!
java.lang.AssertionError: expected [2] but found [1]
	at mavpr.mav.dum_to_fail(mav.java:16)

